<?xml version="1.0" encoding="UTF-8"?>
<!-- Generated by org.testng.reporters.JUnitXMLReporter -->
<testsuite hostname="Khaled" ignored="2" name="Command line test" tests="4" failures="0" timestamp="2020-04-13T05:08:48 EET" time="16.347" errors="0">
  <testcase name="getResponseSignUP" time="1.372" classname="tests.UserRegisterationTest"/>
  <testcase name="UserCanRegisterSuccessfully" time="9.151" classname="tests.UserRegisterationTest"/>
  <testcase name="RegisteredUserCanLogout" time="1.766" classname="tests.UserRegisterationTest"/>
  <testcase name="RegisteredUserCanLogin" time="4.011" classname="tests.UserRegisterationTest"/>
  <testcase name="@BeforeSuite startDriver" time="0.0" classname="tests.TestBase">
    <ignored/>
  </testcase> <!-- @BeforeSuite startDriver -->
  <testcase name="@AfterSuite stopDriver" time="0.0" classname="tests.TestBase">
    <ignored/>
  </testcase> <!-- @AfterSuite stopDriver -->
</testsuite> <!-- Command line test -->
