<?xml version="1.0" encoding="UTF-8"?>
<!-- Generated by org.testng.reporters.JUnitXMLReporter -->
<testsuite hostname="Khaled" ignored="0" name="Default test" tests="4" failures="0" timestamp="2020-04-13T05:00:05 EET" time="21.423" errors="0">
  <testcase name="getResponseSignUP" time="1.586" classname="tests.UserRegisterationTest"/>
  <testcase name="UserCanRegisterSuccessfully" time="12.103" classname="tests.UserRegisterationTest"/>
  <testcase name="RegisteredUserCanLogout" time="3.06" classname="tests.UserRegisterationTest"/>
  <testcase name="RegisteredUserCanLogin" time="4.567" classname="tests.UserRegisterationTest"/>
</testsuite> <!-- Default test -->
